Dataset/Mutants/pockethub-Mut/app/build/outputs/logs/manifest-merger-debug-report.txt
-- Merging decision tree log ---
action#com.github.pockethub.android.debug.repo.issues.VIEW
INJECTED from src/main/AndroidManifest.xml:87:17-76
	android:name
		INJECTED from src/main/AndroidManifest.xml
		ADDED from src/main/AndroidManifest.xml:87:25-73
action#com.github.pockethub.android.debug.repo.issues.filter.VIEW
INJECTED from src/main/AndroidManifest.xml:100:17-83
	android:name
		INJECTED from src/main/AndroidManifest.xml
		ADDED from src/main/AndroidManifest.xml:100:25-80
action#com.github.pockethub.android.debug.repo.issues.edit.VIEW
INJECTED from src/main/AndroidManifest.xml:109:17-81
	android:name
		INJECTED from src/main/AndroidManifest.xml
		ADDED from src/main/AndroidManifest.xml:109:25-78
action#com.github.pockethub.android.debug.repo.issues.filters.VIEW
INJECTED from src/main/AndroidManifest.xml:133:17-84
	android:name
		INJECTED from src/main/AndroidManifest.xml
		ADDED from src/main/AndroidManifest.xml:133:25-81
action#com.github.pockethub.android.debug.gists.VIEW
INJECTED from src/main/AndroidManifest.xml:142:17-70
	android:name
		INJECTED from src/main/AndroidManifest.xml
		ADDED from src/main/AndroidManifest.xml:142:25-67
action#com.github.pockethub.android.debug.gist.files.VIEW
INJECTED from src/main/AndroidManifest.xml:151:17-75
	android:name
		INJECTED from src/main/AndroidManifest.xml
		ADDED from src/main/AndroidManifest.xml:151:25-72
action#com.github.pockethub.android.debug.issue.comment.create.VIEW
INJECTED from src/main/AndroidManifest.xml:160:17-85
	android:name
		INJECTED from src/main/AndroidManifest.xml
		ADDED from src/main/AndroidManifest.xml:160:25-82
action#com.github.pockethub.android.debug.issue.comment.edit.VIEW
INJECTED from src/main/AndroidManifest.xml:169:17-83
	android:name
		INJECTED from src/main/AndroidManifest.xml
		ADDED from src/main/AndroidManifest.xml:169:25-80
action#com.github.pockethub.android.debug.gist.comment.create.VIEW
INJECTED from src/main/AndroidManifest.xml:178:17-84
	android:name
		INJECTED from src/main/AndroidManifest.xml
		ADDED from src/main/AndroidManifest.xml:178:25-81
action#com.github.pockethub.android.debug.gist.comment.edit.VIEW
INJECTED from src/main/AndroidManifest.xml:187:17-82
	android:name
		INJECTED from src/main/AndroidManifest.xml
		ADDED from src/main/AndroidManifest.xml:187:25-79
action#com.github.pockethub.android.debug.commit.comment.create.VIEW
INJECTED from src/main/AndroidManifest.xml:196:17-86
	android:name
		INJECTED from src/main/AndroidManifest.xml
		ADDED from src/main/AndroidManifest.xml:196:25-83
action#com.github.pockethub.android.debug.repo.VIEW
INJECTED from src/main/AndroidManifest.xml:206:17-69
	android:name
		INJECTED from src/main/AndroidManifest.xml
		ADDED from src/main/AndroidManifest.xml:206:25-66
action#com.github.pockethub.android.debug.repo.contributors.VIEW
INJECTED from src/main/AndroidManifest.xml:220:17-82
	android:name
		INJECTED from src/main/AndroidManifest.xml
		ADDED from src/main/AndroidManifest.xml:220:25-79
action#com.github.pockethub.android.debug.user.VIEW
INJECTED from src/main/AndroidManifest.xml:230:17-69
	android:name
		INJECTED from src/main/AndroidManifest.xml
		ADDED from src/main/AndroidManifest.xml:230:25-66
action#com.github.pockethub.android.debug.issues.VIEW
INJECTED from src/main/AndroidManifest.xml:239:17-71
	android:name
		INJECTED from src/main/AndroidManifest.xml
		ADDED from src/main/AndroidManifest.xml:239:25-68
action#com.github.pockethub.android.debug.commits.compare.VIEW
INJECTED from src/main/AndroidManifest.xml:334:17-80
	android:name
		INJECTED from src/main/AndroidManifest.xml
		ADDED from src/main/AndroidManifest.xml:334:25-77
action#com.github.pockethub.android.debug.commits.VIEW
INJECTED from src/main/AndroidManifest.xml:343:17-72
	android:name
		INJECTED from src/main/AndroidManifest.xml
		ADDED from src/main/AndroidManifest.xml:343:25-69
action#com.github.pockethub.android.debug.commit.file.VIEW
INJECTED from src/main/AndroidManifest.xml:352:17-76
	android:name
		INJECTED from src/main/AndroidManifest.xml
		ADDED from src/main/AndroidManifest.xml:352:25-73
action#com.github.pockethub.android.debug.branch.file.VIEW
INJECTED from src/main/AndroidManifest.xml:361:17-76
	android:name
		INJECTED from src/main/AndroidManifest.xml
		ADDED from src/main/AndroidManifest.xml:361:25-73
manifest
ADDED from src/main/AndroidManifest.xml:2:1-416:12
INJECTED from src/main/AndroidManifest.xml:2:1-416:12
INJECTED from src/main/AndroidManifest.xml:2:1-416:12
INJECTED from src/main/AndroidManifest.xml:2:1-416:12
MERGED from [com.squareup.sqldelight:android-driver:1.2.2] AndroidManifest.xml:2:1-7:12
MERGED from [androidx.multidex:multidex:2.0.0] AndroidManifest.xml:17:1-22:12
MERGED from [com.xwray:groupie-kotlin-android-extensions:2.3.0] AndroidManifest.xml:2:1-11:12
MERGED from [androidx.core:core-ktx:1.2.0] AndroidManifest.xml:2:1-9:12
MERGED from [com.google.android.material:material:1.1.0] AndroidManifest.xml:17:1-24:12
MERGED from [com.google.dagger:dagger-android-support:2.27] AndroidManifest.xml:17:1-22:12
MERGED from [com.afollestad.material-dialogs:core:0.9.6.0] AndroidManifest.xml:2:1-15:12
MERGED from [me.zhanghai.android.materialprogressbar:library:1.4.2] AndroidManifest.xml:6:1-16:12
MERGED from [androidx.appcompat:appcompat:1.1.0] AndroidManifest.xml:17:1-24:12
MERGED from [androidx.swiperefreshlayout:swiperefreshlayout:1.0.0] AndroidManifest.xml:17:1-22:12
MERGED from [io.noties.markwon:ext-strikethrough:4.3.0] AndroidManifest.xml:2:1-11:12
MERGED from [io.noties.markwon:ext-tasklist:4.3.0] AndroidManifest.xml:2:1-11:12
MERGED from [io.noties.markwon:html:4.3.0] AndroidManifest.xml:2:1-11:12
MERGED from [io.noties.markwon:image:4.3.0] AndroidManifest.xml:2:1-11:12
MERGED from [io.noties.markwon:image-glide:4.3.0] AndroidManifest.xml:2:1-11:12
MERGED from [io.noties.markwon:linkify:4.3.0] AndroidManifest.xml:2:1-11:12
MERGED from [io.noties.markwon:recycler-table:4.3.0] AndroidManifest.xml:2:1-11:12
MERGED from [io.noties.markwon:syntax-highlight:4.3.0] AndroidManifest.xml:2:1-11:12
MERGED from [io.noties.markwon:recycler:4.3.0] AndroidManifest.xml:2:1-11:12
MERGED from [io.noties.markwon:ext-tables:4.3.0] AndroidManifest.xml:2:1-11:12
MERGED from [io.noties.markwon:core:4.3.0] AndroidManifest.xml:2:1-11:12
MERGED from [pl.droidsonroids.gif:android-gif-drawable:1.2.19] AndroidManifest.xml:2:1-9:12
MERGED from [com.github.bumptech.glide:okhttp3-integration:4.11.0] AndroidManifest.xml:2:1-16:12
MERGED from [com.github.bumptech.glide:glide:4.11.0] AndroidManifest.xml:2:1-12:12
MERGED from [com.github.meisolsson:githubsdk:0.7.0] AndroidManifest.xml:17:1-32:12
MERGED from [com.uber.autodispose:autodispose-android-archcomponents:0.6.1] AndroidManifest.xml:17:1-25:12
MERGED from [com.uber.autodispose:autodispose-android:0.6.1] AndroidManifest.xml:17:1-25:12
MERGED from [io.reactivex.rxjava2:rxandroid:2.0.2] AndroidManifest.xml:15:1-21:12
MERGED from [com.bugsnag:bugsnag-android:4.3.1] AndroidManifest.xml:2:1-13:12
MERGED from [com.google.dagger:dagger-android:2.27] AndroidManifest.xml:17:1-22:12
MERGED from [com.xwray:groupie:2.3.0] AndroidManifest.xml:2:1-14:12
MERGED from [androidx.test.uiautomator:uiautomator:2.2.0] AndroidManifest.xml:17:1-24:12
MERGED from [androidx.viewpager2:viewpager2:1.0.0] AndroidManifest.xml:17:1-24:12
MERGED from [androidx.fragment:fragment:1.1.0] AndroidManifest.xml:17:1-24:12
MERGED from [androidx.appcompat:appcompat-resources:1.1.0] AndroidManifest.xml:17:1-24:12
MERGED from [androidx.drawerlayout:drawerlayout:1.0.0] AndroidManifest.xml:17:1-22:12
MERGED from [androidx.coordinatorlayout:coordinatorlayout:1.1.0] AndroidManifest.xml:17:1-24:12
MERGED from [androidx.transition:transition:1.2.0] AndroidManifest.xml:17:1-24:12
MERGED from [androidx.vectordrawable:vectordrawable-animated:1.1.0] AndroidManifest.xml:17:1-24:12
MERGED from [androidx.vectordrawable:vectordrawable:1.1.0] AndroidManifest.xml:17:1-24:12
MERGED from [androidx.viewpager:viewpager:1.0.0] AndroidManifest.xml:17:1-22:12
MERGED from [androidx.loader:loader:1.0.0] AndroidManifest.xml:17:1-22:12
MERGED from [androidx.activity:activity:1.0.0] AndroidManifest.xml:17:1-24:12
MERGED from [androidx.recyclerview:recyclerview:1.1.0] AndroidManifest.xml:17:1-24:12
MERGED from [androidx.customview:customview:1.0.0] AndroidManifest.xml:17:1-22:12
MERGED from [androidx.core:core:1.2.0] AndroidManifest.xml:17:1-26:12
MERGED from [androidx.cursoradapter:cursoradapter:1.0.0] AndroidManifest.xml:17:1-22:12
MERGED from [androidx.interpolator:interpolator:1.0.0] AndroidManifest.xml:17:1-22:12
MERGED from [androidx.cardview:cardview:1.0.0] AndroidManifest.xml:17:1-22:12
MERGED from [com.github.bumptech.glide:gifdecoder:4.11.0] AndroidManifest.xml:2:1-11:12
MERGED from [androidx.exifinterface:exifinterface:1.0.0] AndroidManifest.xml:17:1-22:12
MERGED from [androidx.sqlite:sqlite-framework:2.0.0] AndroidManifest.xml:17:1-22:12
MERGED from [androidx.sqlite:sqlite:2.0.0] AndroidManifest.xml:17:1-22:12
MERGED from [androidx.versionedparcelable:versionedparcelable:1.1.0] AndroidManifest.xml:17:1-27:12
MERGED from [androidx.lifecycle:lifecycle-runtime:2.1.0] AndroidManifest.xml:17:1-22:12
MERGED from [androidx.lifecycle:lifecycle-viewmodel:2.1.0] AndroidManifest.xml:17:1-22:12
MERGED from [androidx.savedstate:savedstate:1.0.0] AndroidManifest.xml:17:1-24:12
MERGED from [androidx.lifecycle:lifecycle-livedata:2.0.0] AndroidManifest.xml:17:1-22:12
MERGED from [androidx.lifecycle:lifecycle-livedata-core:2.0.0] AndroidManifest.xml:17:1-22:12
MERGED from [androidx.arch.core:core-runtime:2.0.0] AndroidManifest.xml:17:1-22:12
MERGED from [pl.droidsonroids:relinker:1.3.1] AndroidManifest.xml:2:1-7:12
MERGED from [net.danlew:android.joda:2.9.5.1] AndroidManifest.xml:2:1-8:12
INJECTED from src/main/AndroidManifest.xml:2:1-416:12
INJECTED from src/main/AndroidManifest.xml:2:1-416:12
INJECTED from src/main/AndroidManifest.xml:2:1-416:12
	package
		ADDED from src/main/AndroidManifest.xml:4:5-43
		INJECTED from src/main/AndroidManifest.xml
		INJECTED from src/main/AndroidManifest.xml
	android:versionName
		INJECTED from src/main/AndroidManifest.xml
		ADDED from src/main/AndroidManifest.xml:2:1-416:12
		INJECTED from src/main/AndroidManifest.xml
	xmlns:tools
		ADDED from src/main/AndroidManifest.xml:3:5-51
	android:versionCode
		INJECTED from src/main/AndroidManifest.xml
		ADDED from src/main/AndroidManifest.xml:2:1-416:12
		INJECTED from src/main/AndroidManifest.xml
	xmlns:android
		ADDED from src/main/AndroidManifest.xml:2:11-69
uses-permission#android.permission.INTERNET
ADDED from src/main/AndroidManifest.xml:6:5-67
MERGED from [com.bugsnag:bugsnag-android:4.3.1] AndroidManifest.xml:10:5-67
MERGED from [com.bugsnag:bugsnag-android:4.3.1] AndroidManifest.xml:10:5-67
	android:name
		ADDED from src/main/AndroidManifest.xml:6:22-64
uses-permission#android.permission.ACCESS_NETWORK_STATE
ADDED from src/main/AndroidManifest.xml:7:5-78
MERGED from [com.bugsnag:bugsnag-android:4.3.1] AndroidManifest.xml:11:5-79
MERGED from [com.bugsnag:bugsnag-android:4.3.1] AndroidManifest.xml:11:5-79
	android:name
		ADDED from src/main/AndroidManifest.xml:7:22-76
uses-permission#android.permission.GET_ACCOUNTS
ADDED from src/main/AndroidManifest.xml:8:5-71
	android:name
		ADDED from src/main/AndroidManifest.xml:8:22-68
uses-permission#android.permission.MANAGE_ACCOUNTS
ADDED from src/main/AndroidManifest.xml:9:5-74
	android:name
		ADDED from src/main/AndroidManifest.xml:9:22-71
uses-permission#android.permission.AUTHENTICATE_ACCOUNTS
ADDED from src/main/AndroidManifest.xml:10:5-80
	android:name
		ADDED from src/main/AndroidManifest.xml:10:22-77
uses-permission#android.permission.READ_SYNC_SETTINGS
ADDED from src/main/AndroidManifest.xml:11:5-77
	android:name
		ADDED from src/main/AndroidManifest.xml:11:22-74
uses-permission#android.permission.READ_SYNC_STATS
ADDED from src/main/AndroidManifest.xml:12:5-74
	android:name
		ADDED from src/main/AndroidManifest.xml:12:22-71
uses-permission#android.permission.USE_CREDENTIALS
ADDED from src/main/AndroidManifest.xml:13:5-74
	android:name
		ADDED from src/main/AndroidManifest.xml:13:22-71
uses-permission#android.permission.WRITE_SYNC_SETTINGS
ADDED from src/main/AndroidManifest.xml:14:5-78
	android:name
		ADDED from src/main/AndroidManifest.xml:14:22-75
uses-permission#android.permission.READ_EXTERNAL_STORAGE
ADDED from src/main/AndroidManifest.xml:15:5-80
	android:name
		ADDED from src/main/AndroidManifest.xml:15:22-77
uses-permission#android.permission.BLUETOOTH
ADDED from src/main/AndroidManifest.xml:17:5-67
	android:name
		ADDED from src/main/AndroidManifest.xml:17:22-65
uses-permission#android.permission.BLUETOOTH_ADMIN
ADDED from src/main/AndroidManifest.xml:18:5-73
	android:name
		ADDED from src/main/AndroidManifest.xml:18:22-71
uses-permission#android.permission.ACCESS_FINE_LOCATION
ADDED from src/main/AndroidManifest.xml:19:5-78
	android:name
		ADDED from src/main/AndroidManifest.xml:19:22-76
uses-permission#android.permission.ACCESS_WIFI_STATE
ADDED from src/main/AndroidManifest.xml:20:5-75
	android:name
		ADDED from src/main/AndroidManifest.xml:20:22-73
uses-permission#android.permission.WRITE_EXTERNAL_STORAGE
ADDED from src/main/AndroidManifest.xml:22:5-81
	android:name
		ADDED from src/main/AndroidManifest.xml:22:22-78
supports-screens
ADDED from src/main/AndroidManifest.xml:24:5-28:40
	android:largeScreens
		ADDED from src/main/AndroidManifest.xml:25:9-36
	android:smallScreens
		ADDED from src/main/AndroidManifest.xml:27:9-36
	android:normalScreens
		ADDED from src/main/AndroidManifest.xml:26:9-37
	android:xlargeScreens
		ADDED from src/main/AndroidManifest.xml:28:9-37
application
ADDED from src/main/AndroidManifest.xml:30:5-414:19
MERGED from [com.google.android.material:material:1.1.0] AndroidManifest.xml:22:5-20
MERGED from [com.google.android.material:material:1.1.0] AndroidManifest.xml:22:5-20
MERGED from [com.afollestad.material-dialogs:core:0.9.6.0] AndroidManifest.xml:13:5-20
MERGED from [com.afollestad.material-dialogs:core:0.9.6.0] AndroidManifest.xml:13:5-20
MERGED from [com.github.bumptech.glide:okhttp3-integration:4.11.0] AndroidManifest.xml:10:5-14:19
MERGED from [com.github.bumptech.glide:okhttp3-integration:4.11.0] AndroidManifest.xml:10:5-14:19
MERGED from [com.github.bumptech.glide:glide:4.11.0] AndroidManifest.xml:10:5-20
MERGED from [com.github.bumptech.glide:glide:4.11.0] AndroidManifest.xml:10:5-20
MERGED from [com.github.meisolsson:githubsdk:0.7.0] AndroidManifest.xml:26:5-30:19
MERGED from [com.github.meisolsson:githubsdk:0.7.0] AndroidManifest.xml:26:5-30:19
MERGED from [com.xwray:groupie:2.3.0] AndroidManifest.xml:11:5-12:19
MERGED from [com.xwray:groupie:2.3.0] AndroidManifest.xml:11:5-12:19
MERGED from [androidx.test.uiautomator:uiautomator:2.2.0] AndroidManifest.xml:22:5-20
MERGED from [androidx.test.uiautomator:uiautomator:2.2.0] AndroidManifest.xml:22:5-20
MERGED from [androidx.core:core:1.2.0] AndroidManifest.xml:24:5-89
MERGED from [androidx.core:core:1.2.0] AndroidManifest.xml:24:5-89
MERGED from [com.github.bumptech.glide:gifdecoder:4.11.0] AndroidManifest.xml:9:5-20
MERGED from [com.github.bumptech.glide:gifdecoder:4.11.0] AndroidManifest.xml:9:5-20
MERGED from [androidx.versionedparcelable:versionedparcelable:1.1.0] AndroidManifest.xml:24:5-25:19
MERGED from [androidx.versionedparcelable:versionedparcelable:1.1.0] AndroidManifest.xml:24:5-25:19
	android:appComponentFactory
		ADDED from [androidx.core:core:1.2.0] AndroidManifest.xml:24:18-86
	android:supportsRtl
		ADDED from src/main/AndroidManifest.xml:34:9-35
	android:label
		ADDED from src/main/AndroidManifest.xml:35:9-41
	android:hardwareAccelerated
		ADDED from src/main/AndroidManifest.xml:32:9-44
	android:icon
		ADDED from src/main/AndroidManifest.xml:33:9-42
	android:allowBackup
		ADDED from src/main/AndroidManifest.xml:31:9-35
	android:theme
		ADDED from src/main/AndroidManifest.xml:36:9-47
	android:usesCleartextTraffic
		ADDED from src/main/AndroidManifest.xml:38:9-44
	android:name
		ADDED from src/main/AndroidManifest.xml:37:9-34
activity#com.github.pockethub.android.ui.MainActivity
ADDED from src/main/AndroidManifest.xml:40:9-55:20
	android:hardwareAccelerated
		ADDED from src/main/AndroidManifest.xml:44:13-47
	android:configChanges
		ADDED from src/main/AndroidManifest.xml:43:13-74
	android:theme
		ADDED from src/main/AndroidManifest.xml:42:13-68
	android:name
		ADDED from src/main/AndroidManifest.xml:41:13-44
intent-filter#action:name:android.intent.action.MAIN+category:name:android.intent.category.LAUNCHER
ADDED from src/main/AndroidManifest.xml:46:13-50:29
action#android.intent.action.MAIN
ADDED from src/main/AndroidManifest.xml:47:17-69
	android:name
		ADDED from src/main/AndroidManifest.xml:47:25-66
category#android.intent.category.LAUNCHER
ADDED from src/main/AndroidManifest.xml:49:17-77
	android:name
		ADDED from src/main/AndroidManifest.xml:49:27-74
meta-data#android.app.default_searchable
ADDED from src/main/AndroidManifest.xml:52:13-54:89
	android:value
		ADDED from src/main/AndroidManifest.xml:54:17-86
	android:name
		ADDED from src/main/AndroidManifest.xml:53:17-62
activity#com.github.pockethub.android.ui.gist.CreateGistActivity
ADDED from src/main/AndroidManifest.xml:56:9-70:20
	android:parentActivityName
		ADDED from src/main/AndroidManifest.xml:60:13-58
	android:label
		ADDED from src/main/AndroidManifest.xml:59:13-48
	tools:ignore
		ADDED from src/main/AndroidManifest.xml:61:13-43
	android:configChanges
		ADDED from src/main/AndroidManifest.xml:58:13-74
	android:name
		ADDED from src/main/AndroidManifest.xml:57:13-55
meta-data#android.support.PARENT_ACTIVITY
ADDED from src/main/AndroidManifest.xml:62:13-64:80
	android:value
		ADDED from src/main/AndroidManifest.xml:64:17-77
	android:name
		ADDED from src/main/AndroidManifest.xml:63:17-63
intent-filter#action:name:android.intent.action.SEND+category:name:android.intent.category.DEFAULT+data:mimeType:text/*
ADDED from src/main/AndroidManifest.xml:65:13-69:29
action#android.intent.action.SEND
ADDED from src/main/AndroidManifest.xml:66:17-69
	android:name
		ADDED from src/main/AndroidManifest.xml:66:25-66
category#android.intent.category.DEFAULT
ADDED from src/main/AndroidManifest.xml:67:17-76
	android:name
		ADDED from src/main/AndroidManifest.xml:67:27-73
data
ADDED from src/main/AndroidManifest.xml:68:17-51
	android:host
		ADDED from src/main/AndroidManifest.xml:284:21-46
	android:scheme
		ADDED from src/main/AndroidManifest.xml:266:23-67
	android:mimeType
		ADDED from src/main/AndroidManifest.xml:68:23-48
activity#com.github.pockethub.android.ui.notification.NotificationActivity
ADDED from src/main/AndroidManifest.xml:71:9-81:20
	android:parentActivityName
		ADDED from src/main/AndroidManifest.xml:74:13-58
	android:hardwareAccelerated
		ADDED from src/main/AndroidManifest.xml:75:13-47
	tools:ignore
		ADDED from src/main/AndroidManifest.xml:76:13-43
	android:configChanges
		ADDED from src/main/AndroidManifest.xml:73:13-74
	android:name
		ADDED from src/main/AndroidManifest.xml:72:13-65
activity#com.github.pockethub.android.ui.issue.IssueBrowseActivity
ADDED from src/main/AndroidManifest.xml:82:9-95:20
	android:hardwareAccelerated
		ADDED from src/main/AndroidManifest.xml:85:13-47
	android:configChanges
		ADDED from src/main/AndroidManifest.xml:84:13-74
	android:name
		ADDED from src/main/AndroidManifest.xml:83:13-57
intent-filter#action:name:com.github.pockethub.android.debug.repo.issues.VIEW+category:name:android.intent.category.DEFAULT
ADDED from src/main/AndroidManifest.xml:86:13-90:29
activity#com.github.pockethub.android.ui.issue.EditIssuesFilterActivity
ADDED from src/main/AndroidManifest.xml:96:9-104:20
	android:configChanges
		ADDED from src/main/AndroidManifest.xml:98:13-74
	android:name
		ADDED from src/main/AndroidManifest.xml:97:13-62
intent-filter#action:name:com.github.pockethub.android.debug.repo.issues.filter.VIEW+category:name:android.intent.category.DEFAULT
ADDED from src/main/AndroidManifest.xml:99:13-103:29
activity#com.github.pockethub.android.ui.issue.EditIssueActivity
ADDED from src/main/AndroidManifest.xml:105:9-113:20
	android:configChanges
		ADDED from src/main/AndroidManifest.xml:107:13-74
	android:name
		ADDED from src/main/AndroidManifest.xml:106:13-55
intent-filter#action:name:com.github.pockethub.android.debug.repo.issues.edit.VIEW+category:name:android.intent.category.DEFAULT
ADDED from src/main/AndroidManifest.xml:108:13-112:29
activity#com.github.pockethub.android.ui.search.SearchActivity
ADDED from src/main/AndroidManifest.xml:114:9-127:20
	android:label
		ADDED from src/main/AndroidManifest.xml:118:13-49
	android:launchMode
		ADDED from src/main/AndroidManifest.xml:119:13-43
	android:hardwareAccelerated
		ADDED from src/main/AndroidManifest.xml:117:13-47
	android:configChanges
		ADDED from src/main/AndroidManifest.xml:116:13-74
	android:name
		ADDED from src/main/AndroidManifest.xml:115:13-53
intent-filter#action:name:android.intent.action.SEARCH
ADDED from src/main/AndroidManifest.xml:120:13-122:29
action#android.intent.action.SEARCH
ADDED from src/main/AndroidManifest.xml:121:17-71
	android:name
		ADDED from src/main/AndroidManifest.xml:121:25-68
meta-data#android.app.searchable
ADDED from src/main/AndroidManifest.xml:124:13-126:66
	android:resource
		ADDED from src/main/AndroidManifest.xml:126:17-63
	android:name
		ADDED from src/main/AndroidManifest.xml:125:17-54
activity#com.github.pockethub.android.ui.issue.FiltersViewActivity
ADDED from src/main/AndroidManifest.xml:128:9-137:20
	android:hardwareAccelerated
		ADDED from src/main/AndroidManifest.xml:131:13-47
	android:configChanges
		ADDED from src/main/AndroidManifest.xml:130:13-74
	android:name
		ADDED from src/main/AndroidManifest.xml:129:13-57
intent-filter#action:name:com.github.pockethub.android.debug.repo.issues.filters.VIEW+category:name:android.intent.category.DEFAULT
ADDED from src/main/AndroidManifest.xml:132:13-136:29
activity#com.github.pockethub.android.ui.gist.GistsViewActivity
ADDED from src/main/AndroidManifest.xml:138:9-146:20
	android:configChanges
		ADDED from src/main/AndroidManifest.xml:140:13-74
	android:name
		ADDED from src/main/AndroidManifest.xml:139:13-54
intent-filter#action:name:com.github.pockethub.android.debug.gists.VIEW+category:name:android.intent.category.DEFAULT
ADDED from src/main/AndroidManifest.xml:141:13-145:29
activity#com.github.pockethub.android.ui.gist.GistFilesViewActivity
ADDED from src/main/AndroidManifest.xml:147:9-155:20
	android:configChanges
		ADDED from src/main/AndroidManifest.xml:149:13-74
	android:name
		ADDED from src/main/AndroidManifest.xml:148:13-58
intent-filter#action:name:com.github.pockethub.android.debug.gist.files.VIEW+category:name:android.intent.category.DEFAULT
ADDED from src/main/AndroidManifest.xml:150:13-154:29
activity#com.github.pockethub.android.ui.issue.CreateCommentActivity
ADDED from src/main/AndroidManifest.xml:156:9-164:20
	android:configChanges
		ADDED from src/main/AndroidManifest.xml:158:13-74
	android:name
		ADDED from src/main/AndroidManifest.xml:157:13-59
intent-filter#action:name:com.github.pockethub.android.debug.issue.comment.create.VIEW+category:name:android.intent.category.DEFAULT
ADDED from src/main/AndroidManifest.xml:159:13-163:29
activity#com.github.pockethub.android.ui.issue.EditCommentActivity
ADDED from src/main/AndroidManifest.xml:165:9-173:20
	android:configChanges
		ADDED from src/main/AndroidManifest.xml:167:13-74
	android:name
		ADDED from src/main/AndroidManifest.xml:166:13-57
intent-filter#action:name:com.github.pockethub.android.debug.issue.comment.edit.VIEW+category:name:android.intent.category.DEFAULT
ADDED from src/main/AndroidManifest.xml:168:13-172:29
activity#com.github.pockethub.android.ui.gist.CreateCommentActivity
ADDED from src/main/AndroidManifest.xml:174:9-182:20
	android:configChanges
		ADDED from src/main/AndroidManifest.xml:176:13-74
	android:name
		ADDED from src/main/AndroidManifest.xml:175:13-58
intent-filter#action:name:com.github.pockethub.android.debug.gist.comment.create.VIEW+category:name:android.intent.category.DEFAULT
ADDED from src/main/AndroidManifest.xml:177:13-181:29
activity#com.github.pockethub.android.ui.gist.EditCommentActivity
ADDED from src/main/AndroidManifest.xml:183:9-191:20
	android:configChanges
		ADDED from src/main/AndroidManifest.xml:185:13-74
	android:name
		ADDED from src/main/AndroidManifest.xml:184:13-56
intent-filter#action:name:com.github.pockethub.android.debug.gist.comment.edit.VIEW+category:name:android.intent.category.DEFAULT
ADDED from src/main/AndroidManifest.xml:186:13-190:29
activity#com.github.pockethub.android.ui.commit.CreateCommentActivity
ADDED from src/main/AndroidManifest.xml:192:9-200:20
	android:configChanges
		ADDED from src/main/AndroidManifest.xml:194:13-74
	android:name
		ADDED from src/main/AndroidManifest.xml:193:13-60
intent-filter#action:name:com.github.pockethub.android.debug.commit.comment.create.VIEW+category:name:android.intent.category.DEFAULT
ADDED from src/main/AndroidManifest.xml:195:13-199:29
activity#com.github.pockethub.android.ui.repo.RepositoryViewActivity
ADDED from src/main/AndroidManifest.xml:201:9-214:20
	android:hardwareAccelerated
		ADDED from src/main/AndroidManifest.xml:204:13-47
	android:configChanges
		ADDED from src/main/AndroidManifest.xml:203:13-74
	android:name
		ADDED from src/main/AndroidManifest.xml:202:13-59
intent-filter#action:name:com.github.pockethub.android.debug.repo.VIEW+category:name:android.intent.category.DEFAULT
ADDED from src/main/AndroidManifest.xml:205:13-209:29
activity#com.github.pockethub.android.ui.repo.RepositoryContributorsActivity
ADDED from src/main/AndroidManifest.xml:215:9-224:20
	android:hardwareAccelerated
		ADDED from src/main/AndroidManifest.xml:218:13-47
	android:configChanges
		ADDED from src/main/AndroidManifest.xml:217:13-74
	android:name
		ADDED from src/main/AndroidManifest.xml:216:13-67
intent-filter#action:name:com.github.pockethub.android.debug.repo.contributors.VIEW+category:name:android.intent.category.DEFAULT
ADDED from src/main/AndroidManifest.xml:219:13-223:29
activity#com.github.pockethub.android.ui.user.UserViewActivity
ADDED from src/main/AndroidManifest.xml:225:9-234:20
	android:hardwareAccelerated
		ADDED from src/main/AndroidManifest.xml:228:13-47
	android:configChanges
		ADDED from src/main/AndroidManifest.xml:227:13-74
	android:name
		ADDED from src/main/AndroidManifest.xml:226:13-53
intent-filter#action:name:com.github.pockethub.android.debug.user.VIEW+category:name:android.intent.category.DEFAULT
ADDED from src/main/AndroidManifest.xml:229:13-233:29
activity#com.github.pockethub.android.ui.issue.IssuesViewActivity
ADDED from src/main/AndroidManifest.xml:235:9-243:20
	android:configChanges
		ADDED from src/main/AndroidManifest.xml:237:13-74
	android:name
		ADDED from src/main/AndroidManifest.xml:236:13-56
intent-filter#action:name:com.github.pockethub.android.debug.issues.VIEW+category:name:android.intent.category.DEFAULT
ADDED from src/main/AndroidManifest.xml:238:13-242:29
service#com.github.pockethub.android.accounts.AccountAuthenticatorService
ADDED from src/main/AndroidManifest.xml:245:9-256:19
	android:process
		ADDED from src/main/AndroidManifest.xml:248:13-36
	android:exported
		ADDED from src/main/AndroidManifest.xml:247:13-37
	android:name
		ADDED from src/main/AndroidManifest.xml:246:13-65
intent-filter#action:name:android.accounts.AccountAuthenticator
ADDED from src/main/AndroidManifest.xml:249:13-251:29
action#android.accounts.AccountAuthenticator
ADDED from src/main/AndroidManifest.xml:250:17-80
	android:name
		ADDED from src/main/AndroidManifest.xml:250:25-77
meta-data#android.accounts.AccountAuthenticator
ADDED from src/main/AndroidManifest.xml:253:13-255:57
	android:resource
		ADDED from src/main/AndroidManifest.xml:255:17-54
	android:name
		ADDED from src/main/AndroidManifest.xml:254:17-69
activity#com.github.pockethub.android.accounts.LoginActivity
ADDED from src/main/AndroidManifest.xml:258:9-272:20
	android:launchMode
		ADDED from src/main/AndroidManifest.xml:261:13-43
	android:configChanges
		ADDED from src/main/AndroidManifest.xml:260:13-74
	android:name
		ADDED from src/main/AndroidManifest.xml:259:13-51
intent-filter#action:name:android.intent.action.VIEW+category:name:android.intent.category.BROWSABLE+category:name:android.intent.category.DEFAULT+data:scheme:@string/github_oauth_scheme
ADDED from src/main/AndroidManifest.xml:263:13-270:29
action#android.intent.action.VIEW
ADDED from src/main/AndroidManifest.xml:264:17-69
	android:name
		ADDED from src/main/AndroidManifest.xml:264:25-66
category#android.intent.category.BROWSABLE
ADDED from src/main/AndroidManifest.xml:269:17-78
	android:name
		ADDED from src/main/AndroidManifest.xml:269:27-75
activity#com.github.pockethub.android.ui.user.UriLauncherActivity
ADDED from src/main/AndroidManifest.xml:274:9-314:20
	android:excludeFromRecents
		ADDED from src/main/AndroidManifest.xml:277:13-46
	android:configChanges
		ADDED from src/main/AndroidManifest.xml:276:13-74
	android:name
		ADDED from src/main/AndroidManifest.xml:275:13-56
intent-filter#action:name:android.intent.action.VIEW+category:name:android.intent.category.BROWSABLE+category:name:android.intent.category.DEFAULT+data:host:github.com+data:scheme:http
ADDED from src/main/AndroidManifest.xml:278:13-286:29
intent-filter#action:name:android.intent.action.VIEW+category:name:android.intent.category.BROWSABLE+category:name:android.intent.category.DEFAULT+data:host:github.com+data:scheme:https
ADDED from src/main/AndroidManifest.xml:287:13-295:29
intent-filter#action:name:android.intent.action.VIEW+category:name:android.intent.category.BROWSABLE+category:name:android.intent.category.DEFAULT+data:host:gist.github.com+data:scheme:http
ADDED from src/main/AndroidManifest.xml:296:13-304:29